2021-06-07 15:40:25,045 INFO com.devigroups.datacompare.DatacompareApplication [restartedMain] Starting DatacompareApplication using Java 11.0.10 on LAPTOP-4V47F63J with PID 23824 (C:\Intellij_Workspace\datacompare\build\classes\java\main started by Avi in C:\Intellij_Workspace\datacompare)
2021-06-07 15:40:25,055 INFO com.devigroups.datacompare.DatacompareApplication [restartedMain] No active profile set, falling back to default profiles: default
2021-06-07 15:40:25,141 INFO org.springframework.boot.devtools.env.DevToolsPropertyDefaultsPostProcessor [restartedMain] Devtools property defaults active! Set 'spring.devtools.add-properties' to 'false' to disable
2021-06-07 15:40:25,141 INFO org.springframework.boot.devtools.env.DevToolsPropertyDefaultsPostProcessor [restartedMain] For additional web related logging consider setting the 'logging.level.web' property to 'DEBUG'
2021-06-07 15:40:26,188 INFO org.springframework.data.repository.config.RepositoryConfigurationDelegate [restartedMain] Bootstrapping Spring Data JPA repositories in DEFAULT mode.
2021-06-07 15:40:26,322 INFO org.springframework.data.repository.config.RepositoryConfigurationDelegate [restartedMain] Finished Spring Data repository scanning in 111 ms. Found 2 JPA repository interfaces.
2021-06-07 15:40:27,440 INFO org.springframework.boot.web.embedded.tomcat.TomcatWebServer [restartedMain] Tomcat initialized with port(s): 9101 (http)
2021-06-07 15:40:27,460 INFO org.apache.catalina.core.StandardService [restartedMain] Starting service [Tomcat]
2021-06-07 15:40:27,461 INFO org.apache.catalina.core.StandardEngine [restartedMain] Starting Servlet engine: [Apache Tomcat/9.0.46]
2021-06-07 15:40:27,619 INFO org.apache.catalina.core.ContainerBase.[Tomcat].[localhost].[/] [restartedMain] Initializing Spring embedded WebApplicationContext
2021-06-07 15:40:27,619 INFO org.springframework.boot.web.servlet.context.ServletWebServerApplicationContext [restartedMain] Root WebApplicationContext: initialization completed in 2477 ms
2021-06-07 15:40:27,699 INFO com.zaxxer.hikari.HikariDataSource [restartedMain] HikariPool-1 - Starting...
2021-06-07 15:40:27,967 INFO com.zaxxer.hikari.HikariDataSource [restartedMain] HikariPool-1 - Start completed.
2021-06-07 15:40:27,977 INFO org.springframework.boot.autoconfigure.h2.H2ConsoleAutoConfiguration [restartedMain] H2 console available at '/h2-console'. Database available at 'jdbc:h2:mem:testdb'
2021-06-07 15:40:28,256 INFO org.hibernate.jpa.internal.util.LogHelper [restartedMain] HHH000204: Processing PersistenceUnitInfo [name: default]
2021-06-07 15:40:28,353 INFO org.hibernate.Version [restartedMain] HHH000412: Hibernate ORM core version 5.4.31.Final
2021-06-07 15:40:28,668 INFO org.hibernate.annotations.common.Version [restartedMain] HCANN000001: Hibernate Commons Annotations {5.1.2.Final}
2021-06-07 15:40:28,743 DEBUG org.hibernate.type.BasicTypeRegistry [restartedMain] Adding type registration boolean -> org.hibernate.type.BooleanType@15a2064
2021-06-07 15:40:28,743 DEBUG org.hibernate.type.BasicTypeRegistry [restartedMain] Adding type registration boolean -> org.hibernate.type.BooleanType@15a2064
2021-06-07 15:40:28,743 DEBUG org.hibernate.type.BasicTypeRegistry [restartedMain] Adding type registration java.lang.Boolean -> org.hibernate.type.BooleanType@15a2064
2021-06-07 15:40:28,748 DEBUG org.hibernate.type.BasicTypeRegistry [restartedMain] Adding type registration numeric_boolean -> org.hibernate.type.NumericBooleanType@69c51af5
2021-06-07 15:40:28,749 DEBUG org.hibernate.type.BasicTypeRegistry [restartedMain] Adding type registration true_false -> org.hibernate.type.TrueFalseType@3fb7064d
2021-06-07 15:40:28,750 DEBUG org.hibernate.type.BasicTypeRegistry [restartedMain] Adding type registration yes_no -> org.hibernate.type.YesNoType@2bcdab66
2021-06-07 15:40:28,752 DEBUG org.hibernate.type.BasicTypeRegistry [restartedMain] Adding type registration byte -> org.hibernate.type.ByteType@3b9045e3
2021-06-07 15:40:28,753 DEBUG org.hibernate.type.BasicTypeRegistry [restartedMain] Adding type registration byte -> org.hibernate.type.ByteType@3b9045e3
2021-06-07 15:40:28,753 DEBUG org.hibernate.type.BasicTypeRegistry [restartedMain] Adding type registration java.lang.Byte -> org.hibernate.type.ByteType@3b9045e3
2021-06-07 15:40:28,754 DEBUG org.hibernate.type.BasicTypeRegistry [restartedMain] Adding type registration character -> org.hibernate.type.CharacterType@7b22cfa4
2021-06-07 15:40:28,756 DEBUG org.hibernate.type.BasicTypeRegistry [restartedMain] Adding type registration char -> org.hibernate.type.CharacterType@7b22cfa4
2021-06-07 15:40:28,756 DEBUG org.hibernate.type.BasicTypeRegistry [restartedMain] Adding type registration java.lang.Character -> org.hibernate.type.CharacterType@7b22cfa4
2021-06-07 15:40:28,757 DEBUG org.hibernate.type.BasicTypeRegistry [restartedMain] Adding type registration short -> org.hibernate.type.ShortType@358579c8
2021-06-07 15:40:28,757 DEBUG org.hibernate.type.BasicTypeRegistry [restartedMain] Adding type registration short -> org.hibernate.type.ShortType@358579c8
2021-06-07 15:40:28,759 DEBUG org.hibernate.type.BasicTypeRegistry [restartedMain] Adding type registration java.lang.Short -> org.hibernate.type.ShortType@358579c8
2021-06-07 15:40:28,761 DEBUG org.hibernate.type.BasicTypeRegistry [restartedMain] Adding type registration integer -> org.hibernate.type.IntegerType@5044721e
2021-06-07 15:40:28,762 DEBUG org.hibernate.type.BasicTypeRegistry [restartedMain] Adding type registration int -> org.hibernate.type.IntegerType@5044721e
2021-06-07 15:40:28,762 DEBUG org.hibernate.type.BasicTypeRegistry [restartedMain] Adding type registration java.lang.Integer -> org.hibernate.type.IntegerType@5044721e
2021-06-07 15:40:28,765 DEBUG org.hibernate.type.BasicTypeRegistry [restartedMain] Adding type registration long -> org.hibernate.type.LongType@51f26cb8
2021-06-07 15:40:28,766 DEBUG org.hibernate.type.BasicTypeRegistry [restartedMain] Adding type registration long -> org.hibernate.type.LongType@51f26cb8
2021-06-07 15:40:28,766 DEBUG org.hibernate.type.BasicTypeRegistry [restartedMain] Adding type registration java.lang.Long -> org.hibernate.type.LongType@51f26cb8
2021-06-07 15:40:28,767 DEBUG org.hibernate.type.BasicTypeRegistry [restartedMain] Adding type registration float -> org.hibernate.type.FloatType@4ada1e90
2021-06-07 15:40:28,767 DEBUG org.hibernate.type.BasicTypeRegistry [restartedMain] Adding type registration float -> org.hibernate.type.FloatType@4ada1e90
2021-06-07 15:40:28,767 DEBUG org.hibernate.type.BasicTypeRegistry [restartedMain] Adding type registration java.lang.Float -> org.hibernate.type.FloatType@4ada1e90
2021-06-07 15:40:28,771 DEBUG org.hibernate.type.BasicTypeRegistry [restartedMain] Adding type registration double -> org.hibernate.type.DoubleType@d4f149e
2021-06-07 15:40:28,771 DEBUG org.hibernate.type.BasicTypeRegistry [restartedMain] Adding type registration double -> org.hibernate.type.DoubleType@d4f149e
2021-06-07 15:40:28,773 DEBUG org.hibernate.type.BasicTypeRegistry [restartedMain] Adding type registration java.lang.Double -> org.hibernate.type.DoubleType@d4f149e
2021-06-07 15:40:28,775 DEBUG org.hibernate.type.BasicTypeRegistry [restartedMain] Adding type registration big_decimal -> org.hibernate.type.BigDecimalType@4d74b116
2021-06-07 15:40:28,775 DEBUG org.hibernate.type.BasicTypeRegistry [restartedMain] Adding type registration java.math.BigDecimal -> org.hibernate.type.BigDecimalType@4d74b116
2021-06-07 15:40:28,776 DEBUG org.hibernate.type.BasicTypeRegistry [restartedMain] Adding type registration big_integer -> org.hibernate.type.BigIntegerType@4711f145
2021-06-07 15:40:28,777 DEBUG org.hibernate.type.BasicTypeRegistry [restartedMain] Adding type registration java.math.BigInteger -> org.hibernate.type.BigIntegerType@4711f145
2021-06-07 15:40:28,780 DEBUG org.hibernate.type.BasicTypeRegistry [restartedMain] Adding type registration string -> org.hibernate.type.StringType@57b4bce7
2021-06-07 15:40:28,781 DEBUG org.hibernate.type.BasicTypeRegistry [restartedMain] Adding type registration java.lang.String -> org.hibernate.type.StringType@57b4bce7
2021-06-07 15:40:28,784 DEBUG org.hibernate.type.BasicTypeRegistry [restartedMain] Adding type registration nstring -> org.hibernate.type.StringNVarcharType@422d6ff7
2021-06-07 15:40:28,787 DEBUG org.hibernate.type.BasicTypeRegistry [restartedMain] Adding type registration ncharacter -> org.hibernate.type.CharacterNCharType@7ada3bac
2021-06-07 15:40:28,790 DEBUG org.hibernate.type.BasicTypeRegistry [restartedMain] Adding type registration url -> org.hibernate.type.UrlType@258f01ff
2021-06-07 15:40:28,790 DEBUG org.hibernate.type.BasicTypeRegistry [restartedMain] Adding type registration java.net.URL -> org.hibernate.type.UrlType@258f01ff
2021-06-07 15:40:28,790 DEBUG org.hibernate.type.BasicTypeRegistry [restartedMain] Adding type registration Duration -> org.hibernate.type.DurationType@46bf6e60
2021-06-07 15:40:28,794 DEBUG org.hibernate.type.BasicTypeRegistry [restartedMain] Adding type registration java.time.Duration -> org.hibernate.type.DurationType@46bf6e60
2021-06-07 15:40:28,796 DEBUG org.hibernate.type.BasicTypeRegistry [restartedMain] Adding type registration Instant -> org.hibernate.type.InstantType@da0110f
2021-06-07 15:40:28,796 DEBUG org.hibernate.type.BasicTypeRegistry [restartedMain] Adding type registration java.time.Instant -> org.hibernate.type.InstantType@da0110f
2021-06-07 15:40:28,798 DEBUG org.hibernate.type.BasicTypeRegistry [restartedMain] Adding type registration LocalDateTime -> org.hibernate.type.LocalDateTimeType@4d32af26
2021-06-07 15:40:28,799 DEBUG org.hibernate.type.BasicTypeRegistry [restartedMain] Adding type registration java.time.LocalDateTime -> org.hibernate.type.LocalDateTimeType@4d32af26
2021-06-07 15:40:28,801 DEBUG org.hibernate.type.BasicTypeRegistry [restartedMain] Adding type registration LocalDate -> org.hibernate.type.LocalDateType@2aa638e3
2021-06-07 15:40:28,802 DEBUG org.hibernate.type.BasicTypeRegistry [restartedMain] Adding type registration java.time.LocalDate -> org.hibernate.type.LocalDateType@2aa638e3
2021-06-07 15:40:28,803 DEBUG org.hibernate.type.BasicTypeRegistry [restartedMain] Adding type registration LocalTime -> org.hibernate.type.LocalTimeType@1ea63ac2
2021-06-07 15:40:28,803 DEBUG org.hibernate.type.BasicTypeRegistry [restartedMain] Adding type registration java.time.LocalTime -> org.hibernate.type.LocalTimeType@1ea63ac2
2021-06-07 15:40:28,807 DEBUG org.hibernate.type.BasicTypeRegistry [restartedMain] Adding type registration OffsetDateTime -> org.hibernate.type.OffsetDateTimeType@121f4364
2021-06-07 15:40:28,807 DEBUG org.hibernate.type.BasicTypeRegistry [restartedMain] Adding type registration java.time.OffsetDateTime -> org.hibernate.type.OffsetDateTimeType@121f4364
2021-06-07 15:40:28,809 DEBUG org.hibernate.type.BasicTypeRegistry [restartedMain] Adding type registration OffsetTime -> org.hibernate.type.OffsetTimeType@6af8c303
2021-06-07 15:40:28,809 DEBUG org.hibernate.type.BasicTypeRegistry [restartedMain] Adding type registration java.time.OffsetTime -> org.hibernate.type.OffsetTimeType@6af8c303
2021-06-07 15:40:28,809 DEBUG org.hibernate.type.BasicTypeRegistry [restartedMain] Adding type registration ZonedDateTime -> org.hibernate.type.ZonedDateTimeType@a3f10ff
2021-06-07 15:40:28,809 DEBUG org.hibernate.type.BasicTypeRegistry [restartedMain] Adding type registration java.time.ZonedDateTime -> org.hibernate.type.ZonedDateTimeType@a3f10ff
2021-06-07 15:40:28,816 DEBUG org.hibernate.type.BasicTypeRegistry [restartedMain] Adding type registration date -> org.hibernate.type.DateType@3a951395
2021-06-07 15:40:28,816 DEBUG org.hibernate.type.BasicTypeRegistry [restartedMain] Adding type registration java.sql.Date -> org.hibernate.type.DateType@3a951395
2021-06-07 15:40:28,819 DEBUG org.hibernate.type.BasicTypeRegistry [restartedMain] Adding type registration time -> org.hibernate.type.TimeType@72768408
2021-06-07 15:40:28,821 DEBUG org.hibernate.type.BasicTypeRegistry [restartedMain] Adding type registration java.sql.Time -> org.hibernate.type.TimeType@72768408
2021-06-07 15:40:28,822 DEBUG org.hibernate.type.BasicTypeRegistry [restartedMain] Adding type registration timestamp -> org.hibernate.type.TimestampType@3d258958
2021-06-07 15:40:28,824 DEBUG org.hibernate.type.BasicTypeRegistry [restartedMain] Adding type registration java.sql.Timestamp -> org.hibernate.type.TimestampType@3d258958
2021-06-07 15:40:28,824 DEBUG org.hibernate.type.BasicTypeRegistry [restartedMain] Adding type registration java.util.Date -> org.hibernate.type.TimestampType@3d258958
2021-06-07 15:40:28,826 DEBUG org.hibernate.type.BasicTypeRegistry [restartedMain] Adding type registration dbtimestamp -> org.hibernate.type.DbTimestampType@55c6f946
2021-06-07 15:40:28,826 DEBUG org.hibernate.type.BasicTypeRegistry [restartedMain] Adding type registration calendar -> org.hibernate.type.CalendarType@7ac1d78
2021-06-07 15:40:28,826 DEBUG org.hibernate.type.BasicTypeRegistry [restartedMain] Adding type registration java.util.Calendar -> org.hibernate.type.CalendarType@7ac1d78
2021-06-07 15:40:28,829 DEBUG org.hibernate.type.BasicTypeRegistry [restartedMain] Adding type registration java.util.GregorianCalendar -> org.hibernate.type.CalendarType@7ac1d78
2021-06-07 15:40:28,830 DEBUG org.hibernate.type.BasicTypeRegistry [restartedMain] Adding type registration calendar_date -> org.hibernate.type.CalendarDateType@c2b5cae
2021-06-07 15:40:28,832 DEBUG org.hibernate.type.BasicTypeRegistry [restartedMain] Adding type registration calendar_time -> org.hibernate.type.CalendarTimeType@64429fdd
2021-06-07 15:40:28,833 DEBUG org.hibernate.type.BasicTypeRegistry [restartedMain] Adding type registration locale -> org.hibernate.type.LocaleType@581452c3
2021-06-07 15:40:28,833 DEBUG org.hibernate.type.BasicTypeRegistry [restartedMain] Adding type registration java.util.Locale -> org.hibernate.type.LocaleType@581452c3
2021-06-07 15:40:28,837 DEBUG org.hibernate.type.BasicTypeRegistry [restartedMain] Adding type registration currency -> org.hibernate.type.CurrencyType@53d6890b
2021-06-07 15:40:28,837 DEBUG org.hibernate.type.BasicTypeRegistry [restartedMain] Adding type registration java.util.Currency -> org.hibernate.type.CurrencyType@53d6890b
2021-06-07 15:40:28,839 DEBUG org.hibernate.type.BasicTypeRegistry [restartedMain] Adding type registration timezone -> org.hibernate.type.TimeZoneType@3b445e22
2021-06-07 15:40:28,839 DEBUG org.hibernate.type.BasicTypeRegistry [restartedMain] Adding type registration java.util.TimeZone -> org.hibernate.type.TimeZoneType@3b445e22
2021-06-07 15:40:28,841 DEBUG org.hibernate.type.BasicTypeRegistry [restartedMain] Adding type registration class -> org.hibernate.type.ClassType@ebe09d8
2021-06-07 15:40:28,842 DEBUG org.hibernate.type.BasicTypeRegistry [restartedMain] Adding type registration java.lang.Class -> org.hibernate.type.ClassType@ebe09d8
2021-06-07 15:40:28,844 DEBUG org.hibernate.type.BasicTypeRegistry [restartedMain] Adding type registration uuid-binary -> org.hibernate.type.UUIDBinaryType@4e18a861
2021-06-07 15:40:28,844 DEBUG org.hibernate.type.BasicTypeRegistry [restartedMain] Adding type registration java.util.UUID -> org.hibernate.type.UUIDBinaryType@4e18a861
2021-06-07 15:40:28,844 DEBUG org.hibernate.type.BasicTypeRegistry [restartedMain] Adding type registration uuid-char -> org.hibernate.type.UUIDCharType@7e8a0eba
2021-06-07 15:40:28,847 DEBUG org.hibernate.type.BasicTypeRegistry [restartedMain] Adding type registration binary -> org.hibernate.type.BinaryType@704cebd4
2021-06-07 15:40:28,848 DEBUG org.hibernate.type.BasicTypeRegistry [restartedMain] Adding type registration byte[] -> org.hibernate.type.BinaryType@704cebd4
2021-06-07 15:40:28,848 DEBUG org.hibernate.type.BasicTypeRegistry [restartedMain] Adding type registration [B -> org.hibernate.type.BinaryType@704cebd4
2021-06-07 15:40:28,850 DEBUG org.hibernate.type.BasicTypeRegistry [restartedMain] Adding type registration wrapper-binary -> org.hibernate.type.WrapperBinaryType@6462ed6
2021-06-07 15:40:28,851 DEBUG org.hibernate.type.BasicTypeRegistry [restartedMain] Adding type registration Byte[] -> org.hibernate.type.WrapperBinaryType@6462ed6
2021-06-07 15:40:28,851 DEBUG org.hibernate.type.BasicTypeRegistry [restartedMain] Adding type registration [Ljava.lang.Byte; -> org.hibernate.type.WrapperBinaryType@6462ed6
2021-06-07 15:40:28,853 DEBUG org.hibernate.type.BasicTypeRegistry [restartedMain] Adding type registration row_version -> org.hibernate.type.RowVersionType@744c3814
2021-06-07 15:40:28,854 DEBUG org.hibernate.type.BasicTypeRegistry [restartedMain] Adding type registration image -> org.hibernate.type.ImageType@399ffc97
2021-06-07 15:40:28,856 DEBUG org.hibernate.type.BasicTypeRegistry [restartedMain] Adding type registration characters -> org.hibernate.type.CharArrayType@6f6d6b4
2021-06-07 15:40:28,857 DEBUG org.hibernate.type.BasicTypeRegistry [restartedMain] Adding type registration char[] -> org.hibernate.type.CharArrayType@6f6d6b4
2021-06-07 15:40:28,857 DEBUG org.hibernate.type.BasicTypeRegistry [restartedMain] Adding type registration [C -> org.hibernate.type.CharArrayType@6f6d6b4
2021-06-07 15:40:28,858 DEBUG org.hibernate.type.BasicTypeRegistry [restartedMain] Adding type registration wrapper-characters -> org.hibernate.type.CharacterArrayType@3076925e
2021-06-07 15:40:28,858 DEBUG org.hibernate.type.BasicTypeRegistry [restartedMain] Adding type registration [Ljava.lang.Character; -> org.hibernate.type.CharacterArrayType@3076925e
2021-06-07 15:40:28,858 DEBUG org.hibernate.type.BasicTypeRegistry [restartedMain] Adding type registration Character[] -> org.hibernate.type.CharacterArrayType@3076925e
2021-06-07 15:40:28,860 DEBUG org.hibernate.type.BasicTypeRegistry [restartedMain] Adding type registration text -> org.hibernate.type.TextType@2237a94b
2021-06-07 15:40:28,862 DEBUG org.hibernate.type.BasicTypeRegistry [restartedMain] Adding type registration ntext -> org.hibernate.type.NTextType@3359171
2021-06-07 15:40:28,862 DEBUG org.hibernate.type.BasicTypeRegistry [restartedMain] Adding type registration blob -> org.hibernate.type.BlobType@78af3941
2021-06-07 15:40:28,862 DEBUG org.hibernate.type.BasicTypeRegistry [restartedMain] Adding type registration java.sql.Blob -> org.hibernate.type.BlobType@78af3941
2021-06-07 15:40:28,866 DEBUG org.hibernate.type.BasicTypeRegistry [restartedMain] Adding type registration materialized_blob -> org.hibernate.type.MaterializedBlobType@3986cd17
2021-06-07 15:40:28,867 DEBUG org.hibernate.type.BasicTypeRegistry [restartedMain] Adding type registration clob -> org.hibernate.type.ClobType@b71adee
2021-06-07 15:40:28,869 DEBUG org.hibernate.type.BasicTypeRegistry [restartedMain] Adding type registration java.sql.Clob -> org.hibernate.type.ClobType@b71adee
2021-06-07 15:40:28,871 DEBUG org.hibernate.type.BasicTypeRegistry [restartedMain] Adding type registration nclob -> org.hibernate.type.NClobType@bdda7ad
2021-06-07 15:40:28,872 DEBUG org.hibernate.type.BasicTypeRegistry [restartedMain] Adding type registration java.sql.NClob -> org.hibernate.type.NClobType@bdda7ad
2021-06-07 15:40:28,872 DEBUG org.hibernate.type.BasicTypeRegistry [restartedMain] Adding type registration materialized_clob -> org.hibernate.type.MaterializedClobType@644899ea
2021-06-07 15:40:28,874 DEBUG org.hibernate.type.BasicTypeRegistry [restartedMain] Adding type registration materialized_nclob -> org.hibernate.type.MaterializedNClobType@202627e0
2021-06-07 15:40:28,875 DEBUG org.hibernate.type.BasicTypeRegistry [restartedMain] Adding type registration serializable -> org.hibernate.type.SerializableType@34c6b59a
2021-06-07 15:40:28,887 DEBUG org.hibernate.type.BasicTypeRegistry [restartedMain] Adding type registration object -> org.hibernate.type.ObjectType@d3b57d9
2021-06-07 15:40:28,888 DEBUG org.hibernate.type.BasicTypeRegistry [restartedMain] Adding type registration java.lang.Object -> org.hibernate.type.ObjectType@d3b57d9
2021-06-07 15:40:28,889 DEBUG org.hibernate.type.BasicTypeRegistry [restartedMain] Adding type registration imm_date -> org.hibernate.type.AdaptedImmutableType@780d401c
2021-06-07 15:40:28,890 DEBUG org.hibernate.type.BasicTypeRegistry [restartedMain] Adding type registration imm_time -> org.hibernate.type.AdaptedImmutableType@30624df3
2021-06-07 15:40:28,890 DEBUG org.hibernate.type.BasicTypeRegistry [restartedMain] Adding type registration imm_timestamp -> org.hibernate.type.AdaptedImmutableType@56fced0f
2021-06-07 15:40:28,891 DEBUG org.hibernate.type.BasicTypeRegistry [restartedMain] Adding type registration imm_dbtimestamp -> org.hibernate.type.AdaptedImmutableType@30b1236
2021-06-07 15:40:28,891 DEBUG org.hibernate.type.BasicTypeRegistry [restartedMain] Adding type registration imm_calendar -> org.hibernate.type.AdaptedImmutableType@1194afeb
2021-06-07 15:40:28,891 DEBUG org.hibernate.type.BasicTypeRegistry [restartedMain] Adding type registration imm_calendar_date -> org.hibernate.type.AdaptedImmutableType@33bb75ff
2021-06-07 15:40:28,891 DEBUG org.hibernate.type.BasicTypeRegistry [restartedMain] Adding type registration imm_binary -> org.hibernate.type.AdaptedImmutableType@21e7212
2021-06-07 15:40:28,898 DEBUG org.hibernate.type.BasicTypeRegistry [restartedMain] Adding type registration imm_serializable -> org.hibernate.type.AdaptedImmutableType@595f4ac5
2021-06-07 15:40:29,037 INFO org.hibernate.dialect.Dialect [restartedMain] HHH000400: Using dialect: org.hibernate.dialect.H2Dialect
2021-06-07 15:40:29,167 DEBUG org.hibernate.type.spi.TypeConfiguration$Scope [restartedMain] Scoping TypeConfiguration [org.hibernate.type.spi.TypeConfiguration@6bb9e518] to MetadataBuildingContext [org.hibernate.boot.internal.MetadataBuildingContextRootImpl@21730154]
2021-06-07 15:40:29,477 DEBUG org.hibernate.type.spi.TypeConfiguration$Scope [restartedMain] Scoping TypeConfiguration [org.hibernate.type.spi.TypeConfiguration@6bb9e518] to SessionFactoryImpl [org.hibernate.internal.SessionFactoryImpl@158ef0f7]
2021-06-07 15:40:30,195 INFO org.hibernate.engine.transaction.jta.platform.internal.JtaPlatformInitiator [restartedMain] HHH000490: Using JtaPlatform implementation: [org.hibernate.engine.transaction.jta.platform.internal.NoJtaPlatform]
2021-06-07 15:40:30,214 TRACE org.hibernate.type.spi.TypeConfiguration$Scope [restartedMain] Handling #sessionFactoryCreated from [org.hibernate.internal.SessionFactoryImpl@158ef0f7] for TypeConfiguration
2021-06-07 15:40:30,217 INFO org.springframework.orm.jpa.LocalContainerEntityManagerFactoryBean [restartedMain] Initialized JPA EntityManagerFactory for persistence unit 'default'
2021-06-07 15:40:30,257 INFO org.springframework.boot.devtools.autoconfigure.OptionalLiveReloadServer [restartedMain] LiveReload server is running on port 35729
2021-06-07 15:40:30,506 DEBUG org.hibernate.stat.internal.StatisticsInitiator [restartedMain] Statistics initialized [enabled=true]
2021-06-07 15:40:30,546 INFO org.hibernate.engine.internal.StatisticalLoggingSessionEventListener [restartedMain] Session Metrics {
    0 nanoseconds spent acquiring 0 JDBC connections;
    0 nanoseconds spent releasing 0 JDBC connections;
    0 nanoseconds spent preparing 0 JDBC statements;
    0 nanoseconds spent executing 0 JDBC statements;
    0 nanoseconds spent executing 0 JDBC batches;
    0 nanoseconds spent performing 0 L2C puts;
    0 nanoseconds spent performing 0 L2C hits;
    0 nanoseconds spent performing 0 L2C misses;
    0 nanoseconds spent executing 0 flushes (flushing a total of 0 entities and 0 collections);
    0 nanoseconds spent executing 0 partial-flushes (flushing a total of 0 entities and 0 collections)
}
2021-06-07 15:40:30,546 INFO org.hibernate.engine.internal.StatisticalLoggingSessionEventListener [restartedMain] Session Metrics {
    0 nanoseconds spent acquiring 0 JDBC connections;
    0 nanoseconds spent releasing 0 JDBC connections;
    0 nanoseconds spent preparing 0 JDBC statements;
    0 nanoseconds spent executing 0 JDBC statements;
    0 nanoseconds spent executing 0 JDBC batches;
    0 nanoseconds spent performing 0 L2C puts;
    0 nanoseconds spent performing 0 L2C hits;
    0 nanoseconds spent performing 0 L2C misses;
    0 nanoseconds spent executing 0 flushes (flushing a total of 0 entities and 0 collections);
    0 nanoseconds spent executing 0 partial-flushes (flushing a total of 0 entities and 0 collections)
}
2021-06-07 15:40:30,652 INFO org.hibernate.engine.internal.StatisticalLoggingSessionEventListener [restartedMain] Session Metrics {
    0 nanoseconds spent acquiring 0 JDBC connections;
    0 nanoseconds spent releasing 0 JDBC connections;
    0 nanoseconds spent preparing 0 JDBC statements;
    0 nanoseconds spent executing 0 JDBC statements;
    0 nanoseconds spent executing 0 JDBC batches;
    0 nanoseconds spent performing 0 L2C puts;
    0 nanoseconds spent performing 0 L2C hits;
    0 nanoseconds spent performing 0 L2C misses;
    0 nanoseconds spent executing 0 flushes (flushing a total of 0 entities and 0 collections);
    0 nanoseconds spent executing 0 partial-flushes (flushing a total of 0 entities and 0 collections)
}
2021-06-07 15:40:30,733 INFO org.hibernate.engine.internal.StatisticalLoggingSessionEventListener [restartedMain] Session Metrics {
    0 nanoseconds spent acquiring 0 JDBC connections;
    0 nanoseconds spent releasing 0 JDBC connections;
    0 nanoseconds spent preparing 0 JDBC statements;
    0 nanoseconds spent executing 0 JDBC statements;
    0 nanoseconds spent executing 0 JDBC batches;
    0 nanoseconds spent performing 0 L2C puts;
    0 nanoseconds spent performing 0 L2C hits;
    0 nanoseconds spent performing 0 L2C misses;
    0 nanoseconds spent executing 0 flushes (flushing a total of 0 entities and 0 collections);
    0 nanoseconds spent executing 0 partial-flushes (flushing a total of 0 entities and 0 collections)
}
2021-06-07 15:40:30,747 INFO org.hibernate.engine.internal.StatisticalLoggingSessionEventListener [restartedMain] Session Metrics {
    0 nanoseconds spent acquiring 0 JDBC connections;
    0 nanoseconds spent releasing 0 JDBC connections;
    0 nanoseconds spent preparing 0 JDBC statements;
    0 nanoseconds spent executing 0 JDBC statements;
    0 nanoseconds spent executing 0 JDBC batches;
    0 nanoseconds spent performing 0 L2C puts;
    0 nanoseconds spent performing 0 L2C hits;
    0 nanoseconds spent performing 0 L2C misses;
    0 nanoseconds spent executing 0 flushes (flushing a total of 0 entities and 0 collections);
    0 nanoseconds spent executing 0 partial-flushes (flushing a total of 0 entities and 0 collections)
}
2021-06-07 15:40:30,869 WARN org.springframework.boot.autoconfigure.orm.jpa.JpaBaseConfiguration$JpaWebConfiguration [restartedMain] spring.jpa.open-in-view is enabled by default. Therefore, database queries may be performed during view rendering. Explicitly configure spring.jpa.open-in-view to disable this warning
2021-06-07 15:40:31,372 INFO org.springframework.boot.web.embedded.tomcat.TomcatWebServer [restartedMain] Tomcat started on port(s): 9101 (http) with context path ''
2021-06-07 15:40:31,389 INFO com.devigroups.datacompare.DatacompareApplication [restartedMain] Started DatacompareApplication in 7.429 seconds (JVM running for 8.234)
2021-06-07 15:40:51,600 INFO org.apache.catalina.core.ContainerBase.[Tomcat].[localhost].[/] [http-nio-9101-exec-1] Initializing Spring DispatcherServlet 'dispatcherServlet'
2021-06-07 15:40:51,993 TRACE org.hibernate.type.descriptor.sql.BasicExtractor [http-nio-9101-exec-1] extracted value ([id1_0_] : [BIGINT]) - [1000001]
2021-06-07 15:40:52,004 TRACE org.hibernate.type.descriptor.sql.BasicExtractor [http-nio-9101-exec-1] extracted value ([br_code2_0_] : [INTEGER]) - [99901]
2021-06-07 15:40:52,005 TRACE org.hibernate.type.descriptor.sql.BasicExtractor [http-nio-9101-exec-1] extracted value ([prod_no3_0_] : [INTEGER]) - [111111]
2021-06-07 15:40:52,005 TRACE org.hibernate.type.descriptor.sql.BasicExtractor [http-nio-9101-exec-1] extracted value ([rd_rep_q4_0_] : [INTEGER]) - [10]
2021-06-07 15:40:52,005 TRACE org.hibernate.type.descriptor.sql.BasicExtractor [http-nio-9101-exec-1] extracted value ([supp_no5_0_] : [INTEGER]) - [1234]
2021-06-07 15:40:52,006 TRACE org.hibernate.type.descriptor.sql.BasicExtractor [http-nio-9101-exec-1] extracted value ([supp_sta6_0_] : [VARCHAR]) - [Active]
2021-06-07 15:40:52,006 TRACE org.hibernate.type.descriptor.sql.BasicExtractor [http-nio-9101-exec-1] extracted value ([unit_cos7_0_] : [INTEGER]) - [200]
2021-06-07 15:40:52,008 TRACE org.hibernate.type.descriptor.sql.BasicExtractor [http-nio-9101-exec-1] extracted value ([id1_0_] : [BIGINT]) - [1000002]
2021-06-07 15:40:52,008 TRACE org.hibernate.type.descriptor.sql.BasicExtractor [http-nio-9101-exec-1] extracted value ([br_code2_0_] : [INTEGER]) - [99901]
2021-06-07 15:40:52,008 TRACE org.hibernate.type.descriptor.sql.BasicExtractor [http-nio-9101-exec-1] extracted value ([prod_no3_0_] : [INTEGER]) - [111112]
2021-06-07 15:40:52,008 TRACE org.hibernate.type.descriptor.sql.BasicExtractor [http-nio-9101-exec-1] extracted value ([rd_rep_q4_0_] : [INTEGER]) - [10]
2021-06-07 15:40:52,008 TRACE org.hibernate.type.descriptor.sql.BasicExtractor [http-nio-9101-exec-1] extracted value ([supp_no5_0_] : [INTEGER]) - [1234]
2021-06-07 15:40:52,009 TRACE org.hibernate.type.descriptor.sql.BasicExtractor [http-nio-9101-exec-1] extracted value ([supp_sta6_0_] : [VARCHAR]) - [Active]
2021-06-07 15:40:52,009 TRACE org.hibernate.type.descriptor.sql.BasicExtractor [http-nio-9101-exec-1] extracted value ([unit_cos7_0_] : [INTEGER]) - [40]
2021-06-07 15:40:52,009 TRACE org.hibernate.type.descriptor.sql.BasicExtractor [http-nio-9101-exec-1] extracted value ([id1_0_] : [BIGINT]) - [1000003]
2021-06-07 15:40:52,010 TRACE org.hibernate.type.descriptor.sql.BasicExtractor [http-nio-9101-exec-1] extracted value ([br_code2_0_] : [INTEGER]) - [99901]
2021-06-07 15:40:52,010 TRACE org.hibernate.type.descriptor.sql.BasicExtractor [http-nio-9101-exec-1] extracted value ([prod_no3_0_] : [INTEGER]) - [222222]
2021-06-07 15:40:52,010 TRACE org.hibernate.type.descriptor.sql.BasicExtractor [http-nio-9101-exec-1] extracted value ([rd_rep_q4_0_] : [INTEGER]) - [10]
2021-06-07 15:40:52,010 TRACE org.hibernate.type.descriptor.sql.BasicExtractor [http-nio-9101-exec-1] extracted value ([supp_no5_0_] : [INTEGER]) - [1234]
2021-06-07 15:40:52,010 TRACE org.hibernate.type.descriptor.sql.BasicExtractor [http-nio-9101-exec-1] extracted value ([supp_sta6_0_] : [VARCHAR]) - [Active]
2021-06-07 15:40:52,011 TRACE org.hibernate.type.descriptor.sql.BasicExtractor [http-nio-9101-exec-1] extracted value ([unit_cos7_0_] : [INTEGER]) - [100]
2021-06-07 15:40:52,011 TRACE org.hibernate.type.descriptor.sql.BasicExtractor [http-nio-9101-exec-1] extracted value ([id1_0_] : [BIGINT]) - [1000004]
2021-06-07 15:40:52,011 TRACE org.hibernate.type.descriptor.sql.BasicExtractor [http-nio-9101-exec-1] extracted value ([br_code2_0_] : [INTEGER]) - [99901]
2021-06-07 15:40:52,011 TRACE org.hibernate.type.descriptor.sql.BasicExtractor [http-nio-9101-exec-1] extracted value ([prod_no3_0_] : [INTEGER]) - [444444]
2021-06-07 15:40:52,011 TRACE org.hibernate.type.descriptor.sql.BasicExtractor [http-nio-9101-exec-1] extracted value ([rd_rep_q4_0_] : [INTEGER]) - [5]
2021-06-07 15:40:52,011 TRACE org.hibernate.type.descriptor.sql.BasicExtractor [http-nio-9101-exec-1] extracted value ([supp_no5_0_] : [INTEGER]) - [1234]
2021-06-07 15:40:52,012 TRACE org.hibernate.type.descriptor.sql.BasicExtractor [http-nio-9101-exec-1] extracted value ([supp_sta6_0_] : [VARCHAR]) - [Active]
2021-06-07 15:40:52,012 TRACE org.hibernate.type.descriptor.sql.BasicExtractor [http-nio-9101-exec-1] extracted value ([unit_cos7_0_] : [INTEGER]) - [100]
2021-06-07 15:40:52,012 TRACE org.hibernate.type.descriptor.sql.BasicExtractor [http-nio-9101-exec-1] extracted value ([id1_0_] : [BIGINT]) - [1000005]
2021-06-07 15:40:52,012 TRACE org.hibernate.type.descriptor.sql.BasicExtractor [http-nio-9101-exec-1] extracted value ([br_code2_0_] : [INTEGER]) - [99901]
2021-06-07 15:40:52,012 TRACE org.hibernate.type.descriptor.sql.BasicExtractor [http-nio-9101-exec-1] extracted value ([prod_no3_0_] : [INTEGER]) - [555555]
2021-06-07 15:40:52,012 TRACE org.hibernate.type.descriptor.sql.BasicExtractor [http-nio-9101-exec-1] extracted value ([rd_rep_q4_0_] : [INTEGER]) - [5]
2021-06-07 15:40:52,012 TRACE org.hibernate.type.descriptor.sql.BasicExtractor [http-nio-9101-exec-1] extracted value ([supp_no5_0_] : [INTEGER]) - [1234]
2021-06-07 15:40:52,013 TRACE org.hibernate.type.descriptor.sql.BasicExtractor [http-nio-9101-exec-1] extracted value ([supp_sta6_0_] : [VARCHAR]) - [Suspended]
2021-06-07 15:40:52,014 TRACE org.hibernate.type.descriptor.sql.BasicExtractor [http-nio-9101-exec-1] extracted value ([unit_cos7_0_] : [INTEGER]) - [100]
2021-06-07 15:40:52,025 DEBUG org.hibernate.stat.internal.StatisticsImpl [http-nio-9101-exec-1] HHH000117: HQL: select generatedAlias0 from GeneroData as generatedAlias0, time: 48ms, rows: 5
2021-06-07 15:40:52,037 TRACE org.hibernate.type.descriptor.sql.BasicExtractor [http-nio-9101-exec-1] extracted value ([id1_1_] : [BIGINT]) - [2000001]
2021-06-07 15:40:52,038 TRACE org.hibernate.type.descriptor.sql.BasicExtractor [http-nio-9101-exec-1] extracted value ([br_code2_1_] : [INTEGER]) - [99901]
2021-06-07 15:40:52,039 TRACE org.hibernate.type.descriptor.sql.BasicExtractor [http-nio-9101-exec-1] extracted value ([prod_no3_1_] : [INTEGER]) - [111111]
2021-06-07 15:40:52,040 TRACE org.hibernate.type.descriptor.sql.BasicExtractor [http-nio-9101-exec-1] extracted value ([rd_rep_q4_1_] : [INTEGER]) - [10]
2021-06-07 15:40:52,040 TRACE org.hibernate.type.descriptor.sql.BasicExtractor [http-nio-9101-exec-1] extracted value ([supp_no5_1_] : [INTEGER]) - [91234]
2021-06-07 15:40:52,040 TRACE org.hibernate.type.descriptor.sql.BasicExtractor [http-nio-9101-exec-1] extracted value ([supp_sta6_1_] : [VARCHAR]) - [Active]
2021-06-07 15:40:52,040 TRACE org.hibernate.type.descriptor.sql.BasicExtractor [http-nio-9101-exec-1] extracted value ([unit_cos7_1_] : [INTEGER]) - [100]
2021-06-07 15:40:52,041 TRACE org.hibernate.type.descriptor.sql.BasicExtractor [http-nio-9101-exec-1] extracted value ([id1_1_] : [BIGINT]) - [2000002]
2021-06-07 15:40:52,041 TRACE org.hibernate.type.descriptor.sql.BasicExtractor [http-nio-9101-exec-1] extracted value ([br_code2_1_] : [INTEGER]) - [99901]
2021-06-07 15:40:52,041 TRACE org.hibernate.type.descriptor.sql.BasicExtractor [http-nio-9101-exec-1] extracted value ([prod_no3_1_] : [INTEGER]) - [111112]
2021-06-07 15:40:52,042 TRACE org.hibernate.type.descriptor.sql.BasicExtractor [http-nio-9101-exec-1] extracted value ([rd_rep_q4_1_] : [INTEGER]) - [10]
2021-06-07 15:40:52,042 TRACE org.hibernate.type.descriptor.sql.BasicExtractor [http-nio-9101-exec-1] extracted value ([supp_no5_1_] : [INTEGER]) - [1234]
2021-06-07 15:40:52,042 TRACE org.hibernate.type.descriptor.sql.BasicExtractor [http-nio-9101-exec-1] extracted value ([supp_sta6_1_] : [VARCHAR]) - [Suspended]
2021-06-07 15:40:52,042 TRACE org.hibernate.type.descriptor.sql.BasicExtractor [http-nio-9101-exec-1] extracted value ([unit_cos7_1_] : [INTEGER]) - [40]
2021-06-07 15:40:52,043 TRACE org.hibernate.type.descriptor.sql.BasicExtractor [http-nio-9101-exec-1] extracted value ([id1_1_] : [BIGINT]) - [2000003]
2021-06-07 15:40:52,043 TRACE org.hibernate.type.descriptor.sql.BasicExtractor [http-nio-9101-exec-1] extracted value ([br_code2_1_] : [INTEGER]) - [99901]
2021-06-07 15:40:52,043 TRACE org.hibernate.type.descriptor.sql.BasicExtractor [http-nio-9101-exec-1] extracted value ([prod_no3_1_] : [INTEGER]) - [333333]
2021-06-07 15:40:52,044 TRACE org.hibernate.type.descriptor.sql.BasicExtractor [http-nio-9101-exec-1] extracted value ([rd_rep_q4_1_] : [INTEGER]) - [10]
2021-06-07 15:40:52,044 TRACE org.hibernate.type.descriptor.sql.BasicExtractor [http-nio-9101-exec-1] extracted value ([supp_no5_1_] : [INTEGER]) - [1234]
2021-06-07 15:40:52,044 TRACE org.hibernate.type.descriptor.sql.BasicExtractor [http-nio-9101-exec-1] extracted value ([supp_sta6_1_] : [VARCHAR]) - [Active]
2021-06-07 15:40:52,044 TRACE org.hibernate.type.descriptor.sql.BasicExtractor [http-nio-9101-exec-1] extracted value ([unit_cos7_1_] : [INTEGER]) - [100]
2021-06-07 15:40:52,045 TRACE org.hibernate.type.descriptor.sql.BasicExtractor [http-nio-9101-exec-1] extracted value ([id1_1_] : [BIGINT]) - [2000004]
2021-06-07 15:40:52,045 TRACE org.hibernate.type.descriptor.sql.BasicExtractor [http-nio-9101-exec-1] extracted value ([br_code2_1_] : [INTEGER]) - [99901]
2021-06-07 15:40:52,046 TRACE org.hibernate.type.descriptor.sql.BasicExtractor [http-nio-9101-exec-1] extracted value ([prod_no3_1_] : [INTEGER]) - [222222]
2021-06-07 15:40:52,046 TRACE org.hibernate.type.descriptor.sql.BasicExtractor [http-nio-9101-exec-1] extracted value ([rd_rep_q4_1_] : [INTEGER]) - [10]
2021-06-07 15:40:52,046 TRACE org.hibernate.type.descriptor.sql.BasicExtractor [http-nio-9101-exec-1] extracted value ([supp_no5_1_] : [INTEGER]) - [1234]
2021-06-07 15:40:52,047 TRACE org.hibernate.type.descriptor.sql.BasicExtractor [http-nio-9101-exec-1] extracted value ([supp_sta6_1_] : [VARCHAR]) - [Active]
2021-06-07 15:40:52,048 TRACE org.hibernate.type.descriptor.sql.BasicExtractor [http-nio-9101-exec-1] extracted value ([unit_cos7_1_] : [INTEGER]) - [100]
2021-06-07 15:40:52,049 TRACE org.hibernate.type.descriptor.sql.BasicExtractor [http-nio-9101-exec-1] extracted value ([id1_1_] : [BIGINT]) - [2000005]
2021-06-07 15:40:52,049 TRACE org.hibernate.type.descriptor.sql.BasicExtractor [http-nio-9101-exec-1] extracted value ([br_code2_1_] : [INTEGER]) - [99901]
2021-06-07 15:40:52,049 TRACE org.hibernate.type.descriptor.sql.BasicExtractor [http-nio-9101-exec-1] extracted value ([prod_no3_1_] : [INTEGER]) - [444444]
2021-06-07 15:40:52,049 TRACE org.hibernate.type.descriptor.sql.BasicExtractor [http-nio-9101-exec-1] extracted value ([rd_rep_q4_1_] : [INTEGER]) - [4]
2021-06-07 15:40:52,049 TRACE org.hibernate.type.descriptor.sql.BasicExtractor [http-nio-9101-exec-1] extracted value ([supp_no5_1_] : [INTEGER]) - [1234]
2021-06-07 15:40:52,049 TRACE org.hibernate.type.descriptor.sql.BasicExtractor [http-nio-9101-exec-1] extracted value ([supp_sta6_1_] : [VARCHAR]) - [Active]
2021-06-07 15:40:52,050 TRACE org.hibernate.type.descriptor.sql.BasicExtractor [http-nio-9101-exec-1] extracted value ([unit_cos7_1_] : [INTEGER]) - [100]
2021-06-07 15:40:52,051 DEBUG org.hibernate.stat.internal.StatisticsImpl [http-nio-9101-exec-1] HHH000117: HQL: select generatedAlias0 from JavaData as generatedAlias0, time: 14ms, rows: 5
2021-06-07 15:40:52,059 INFO com.devigroups.datacompare.controllers.DataCompareController [http-nio-9101-exec-1] Method-dataCompare: Add remaining Java records (not present in Genero): 1
2021-06-07 15:40:52,142 INFO org.hibernate.engine.internal.StatisticalLoggingSessionEventListener [http-nio-9101-exec-1] Session Metrics {
    368400 nanoseconds spent acquiring 1 JDBC connections;
    0 nanoseconds spent releasing 0 JDBC connections;
    6263500 nanoseconds spent preparing 2 JDBC statements;
    905300 nanoseconds spent executing 2 JDBC statements;
    0 nanoseconds spent executing 0 JDBC batches;
    0 nanoseconds spent performing 0 L2C puts;
    0 nanoseconds spent performing 0 L2C hits;
    0 nanoseconds spent performing 0 L2C misses;
    0 nanoseconds spent executing 0 flushes (flushing a total of 0 entities and 0 collections);
    36200 nanoseconds spent executing 2 partial-flushes (flushing a total of 0 entities and 0 collections)
}
2021-06-07 15:40:53,071 INFO org.hibernate.engine.internal.StatisticalLoggingSessionEventListener [http-nio-9101-exec-2] Session Metrics {
    0 nanoseconds spent acquiring 0 JDBC connections;
    0 nanoseconds spent releasing 0 JDBC connections;
    0 nanoseconds spent preparing 0 JDBC statements;
    0 nanoseconds spent executing 0 JDBC statements;
    0 nanoseconds spent executing 0 JDBC batches;
    0 nanoseconds spent performing 0 L2C puts;
    0 nanoseconds spent performing 0 L2C hits;
    0 nanoseconds spent performing 0 L2C misses;
    0 nanoseconds spent executing 0 flushes (flushing a total of 0 entities and 0 collections);
    0 nanoseconds spent executing 0 partial-flushes (flushing a total of 0 entities and 0 collections)
}
2021-06-07 15:40:53,192 INFO org.hibernate.engine.internal.StatisticalLoggingSessionEventListener [http-nio-9101-exec-2] Session Metrics {
    0 nanoseconds spent acquiring 0 JDBC connections;
    0 nanoseconds spent releasing 0 JDBC connections;
    0 nanoseconds spent preparing 0 JDBC statements;
    0 nanoseconds spent executing 0 JDBC statements;
    0 nanoseconds spent executing 0 JDBC batches;
    0 nanoseconds spent performing 0 L2C puts;
    0 nanoseconds spent performing 0 L2C hits;
    0 nanoseconds spent performing 0 L2C misses;
    0 nanoseconds spent executing 0 flushes (flushing a total of 0 entities and 0 collections);
    0 nanoseconds spent executing 0 partial-flushes (flushing a total of 0 entities and 0 collections)
}
